0 info it worked if it ends with ok
1 verbose cli [ '/usr/local/bin/node',
1 verbose cli   '/usr/local/bin/npm',
1 verbose cli   'install',
1 verbose cli   '-g',
1 verbose cli   'svgo' ]
2 info using npm@2.15.1
3 info using node@v4.4.3
4 verbose install initial load of /usr/local/lib/package.json
5 verbose readDependencies loading dependencies from /usr/local/lib/package.json
6 silly cache add args [ 'svgo', null ]
7 verbose cache add spec svgo
8 silly cache add parsed spec Result {
8 silly cache add   raw: 'svgo',
8 silly cache add   scope: null,
8 silly cache add   name: 'svgo',
8 silly cache add   rawSpec: '',
8 silly cache add   spec: 'latest',
8 silly cache add   type: 'tag' }
9 silly addNamed svgo@latest
10 verbose addNamed "latest" is being treated as a dist-tag for svgo
11 info addNameTag [ 'svgo', 'latest' ]
12 silly mapToRegistry name svgo
13 silly mapToRegistry using default registry
14 silly mapToRegistry registry https://registry.npmjs.org/
15 silly mapToRegistry data Result {
15 silly mapToRegistry   raw: 'svgo',
15 silly mapToRegistry   scope: null,
15 silly mapToRegistry   name: 'svgo',
15 silly mapToRegistry   rawSpec: '',
15 silly mapToRegistry   spec: 'latest',
15 silly mapToRegistry   type: 'tag' }
16 silly mapToRegistry uri https://registry.npmjs.org/svgo
17 verbose addNameTag registry:https://registry.npmjs.org/svgo not in flight; fetching
18 verbose request uri https://registry.npmjs.org/svgo
19 verbose request no auth needed
20 info attempt registry request try #1 at 7:18:28 AM
21 verbose request id 0e41965701799fa8
22 http request GET https://registry.npmjs.org/svgo
23 http 200 https://registry.npmjs.org/svgo
24 verbose headers { server: 'CouchDB/1.5.0 (Erlang OTP/R16B03)',
24 verbose headers   etag: '"ECLQJSTRUAXI5805EF8NT0PM2"',
24 verbose headers   'content-type': 'application/json',
24 verbose headers   'content-encoding': 'gzip',
24 verbose headers   'cache-control': 'max-age=300',
24 verbose headers   'content-length': '12046',
24 verbose headers   'accept-ranges': 'bytes',
24 verbose headers   date: 'Sun, 17 Jul 2016 11:18:28 GMT',
24 verbose headers   via: '1.1 varnish',
24 verbose headers   age: '82',
24 verbose headers   connection: 'keep-alive',
24 verbose headers   'x-served-by': 'cache-atl6236-ATL',
24 verbose headers   'x-cache': 'HIT',
24 verbose headers   'x-cache-hits': '1',
24 verbose headers   'x-timer': 'S1468754308.860966,VS0,VE0',
24 verbose headers   vary: 'Accept-Encoding' }
25 silly get cb [ 200,
25 silly get   { server: 'CouchDB/1.5.0 (Erlang OTP/R16B03)',
25 silly get     etag: '"ECLQJSTRUAXI5805EF8NT0PM2"',
25 silly get     'content-type': 'application/json',
25 silly get     'content-encoding': 'gzip',
25 silly get     'cache-control': 'max-age=300',
25 silly get     'content-length': '12046',
25 silly get     'accept-ranges': 'bytes',
25 silly get     date: 'Sun, 17 Jul 2016 11:18:28 GMT',
25 silly get     via: '1.1 varnish',
25 silly get     age: '82',
25 silly get     connection: 'keep-alive',
25 silly get     'x-served-by': 'cache-atl6236-ATL',
25 silly get     'x-cache': 'HIT',
25 silly get     'x-cache-hits': '1',
25 silly get     'x-timer': 'S1468754308.860966,VS0,VE0',
25 silly get     vary: 'Accept-Encoding' } ]
26 verbose get saving svgo to /Users/bhunt/.npm/registry.npmjs.org/svgo/.cache.json
27 verbose correctMkdir /Users/bhunt/.npm correctMkdir not in flight; initializing
28 silly addNameTag next cb for svgo with tag latest
29 silly addNamed svgo@0.6.6
30 verbose addNamed "0.6.6" is a plain semver version for svgo
31 silly mapToRegistry name svgo
32 silly mapToRegistry using default registry
33 silly mapToRegistry registry https://registry.npmjs.org/
34 silly mapToRegistry data Result {
34 silly mapToRegistry   raw: 'svgo',
34 silly mapToRegistry   scope: null,
34 silly mapToRegistry   name: 'svgo',
34 silly mapToRegistry   rawSpec: '',
34 silly mapToRegistry   spec: 'latest',
34 silly mapToRegistry   type: 'tag' }
35 silly mapToRegistry uri https://registry.npmjs.org/svgo
36 verbose addRemoteTarball https://registry.npmjs.org/svgo/-/svgo-0.6.6.tgz not in flight; adding
37 verbose addRemoteTarball [ 'https://registry.npmjs.org/svgo/-/svgo-0.6.6.tgz',
37 verbose addRemoteTarball   'b340889036f20f9b447543077d0f5573ed044c08' ]
38 info retry fetch attempt 1 at 7:18:28 AM
39 info attempt registry request try #1 at 7:18:28 AM
40 http fetch GET https://registry.npmjs.org/svgo/-/svgo-0.6.6.tgz
41 http fetch 200 https://registry.npmjs.org/svgo/-/svgo-0.6.6.tgz
42 silly fetchAndShaCheck shasum b340889036f20f9b447543077d0f5573ed044c08
43 verbose addTmpTarball /var/folders/rs/ztj8pnbx2kz5hqw_tnvc7bnc0000gp/T/npm-15793-77342bce/registry.npmjs.org/svgo/-/svgo-0.6.6.tgz not in flight; adding
44 verbose addTmpTarball already have metadata; skipping unpack for svgo@0.6.6
45 verbose correctMkdir /Users/bhunt/.npm correctMkdir not in flight; initializing
46 silly cache afterAdd svgo@0.6.6
47 verbose afterAdd /Users/bhunt/.npm/svgo/0.6.6/package/package.json not in flight; writing
48 verbose correctMkdir /Users/bhunt/.npm correctMkdir not in flight; initializing
49 verbose afterAdd /Users/bhunt/.npm/svgo/0.6.6/package/package.json written
50 silly install resolved [ { name: 'svgo',
50 silly install resolved     version: '0.6.6',
50 silly install resolved     description: 'Nodejs-based tool for optimizing SVG vector graphics files',
50 silly install resolved     keywords: [ 'svgo', 'svg', 'optimize', 'minify' ],
50 silly install resolved     homepage: 'https://github.com/svg/svgo',
50 silly install resolved     bugs:
50 silly install resolved      { url: 'https://github.com/svg/svgo/issues',
50 silly install resolved        email: 'kir@soulshine.in' },
50 silly install resolved     author:
50 silly install resolved      { name: 'Kir Belevich',
50 silly install resolved        email: 'kir@soulshine.in',
50 silly install resolved        url: 'https://github.com/deepsweet' },
50 silly install resolved     contributors: [ [Object], [Object] ],
50 silly install resolved     repository: { type: 'git', url: 'git://github.com/svg/svgo.git' },
50 silly install resolved     main: './lib/svgo.js',
50 silly install resolved     bin: { svgo: './bin/svgo' },
50 silly install resolved     directories: { bin: './bin', lib: './lib', example: './examples' },
50 silly install resolved     scripts: { test: 'make test' },
50 silly install resolved     dependencies:
50 silly install resolved      { sax: '~1.2.1',
50 silly install resolved        coa: '~1.0.1',
50 silly install resolved        'js-yaml': '~3.6.0',
50 silly install resolved        colors: '~1.1.2',
50 silly install resolved        'whet.extend': '~0.9.9',
50 silly install resolved        mkdirp: '~0.5.1',
50 silly install resolved        csso: '~2.0.0' },
50 silly install resolved     devDependencies:
50 silly install resolved      { mocha: '~2.4.5',
50 silly install resolved        should: '8.3.1',
50 silly install resolved        istanbul: '~0.4.3',
50 silly install resolved        'mocha-istanbul': '~0.2.0',
50 silly install resolved        coveralls: '~2.11.9' },
50 silly install resolved     engines: { node: '>=0.10.0' },
50 silly install resolved     license: 'MIT',
50 silly install resolved     gitHead: 'fd605b694489551f4ba9ee745c7319f0c2c8bbc1',
50 silly install resolved     _id: 'svgo@0.6.6',
50 silly install resolved     _shasum: 'b340889036f20f9b447543077d0f5573ed044c08',
50 silly install resolved     _from: 'svgo@latest',
50 silly install resolved     _npmVersion: '3.8.3',
50 silly install resolved     _nodeVersion: '5.10.1',
50 silly install resolved     _npmUser: { name: 'greli', email: 'grelimail@gmail.com' },
50 silly install resolved     maintainers: [ [Object], [Object] ],
50 silly install resolved     dist:
50 silly install resolved      { shasum: 'b340889036f20f9b447543077d0f5573ed044c08',
50 silly install resolved        tarball: 'https://registry.npmjs.org/svgo/-/svgo-0.6.6.tgz' },
50 silly install resolved     _npmOperationalInternal:
50 silly install resolved      { host: 'packages-16-east.internal.npmjs.com',
50 silly install resolved        tmp: 'tmp/svgo-0.6.6.tgz_1461583779403_0.3135576066561043' },
50 silly install resolved     _resolved: 'https://registry.npmjs.org/svgo/-/svgo-0.6.6.tgz' } ]
51 info install svgo@0.6.6 into /usr/local/lib
52 info installOne svgo@0.6.6
53 verbose installOne of svgo to /usr/local/lib not in flight; installing
54 verbose correctMkdir /Users/bhunt/.npm/_locks correctMkdir not in flight; initializing
55 verbose lock using /Users/bhunt/.npm/_locks/svgo-8707f6d067276543.lock for /usr/local/lib/node_modules/svgo
56 silly install write writing svgo 0.6.6 to /usr/local/lib/node_modules/svgo
57 verbose unbuild lib/node_modules/svgo
58 silly gentlyRm /usr/local/lib/node_modules/svgo is being purged from base /usr/local
59 verbose gentlyRm don't care about contents; nuking /usr/local/lib/node_modules/svgo
60 verbose tar unpack /Users/bhunt/.npm/svgo/0.6.6/package.tgz
61 verbose tar unpacking to /usr/local/lib/node_modules/svgo
62 silly gentlyRm /usr/local/lib/node_modules/svgo is being purged
63 verbose gentlyRm don't care about contents; nuking /usr/local/lib/node_modules/svgo
64 silly gunzTarPerm modes [ '755', '644' ]
65 error tar.unpack untar error /Users/bhunt/.npm/svgo/0.6.6/package.tgz
66 verbose unlock done using /Users/bhunt/.npm/_locks/svgo-8707f6d067276543.lock for /usr/local/lib/node_modules/svgo
67 verbose fstream_path /usr/local/lib/node_modules/svgo
68 verbose fstream_type Directory
69 verbose fstream_class DirWriter
70 verbose stack Error: EACCES: permission denied, mkdir '/usr/local/lib/node_modules/svgo'
70 verbose stack     at Error (native)
71 verbose fstream_stack /usr/local/lib/node_modules/npm/node_modules/fstream/lib/dir-writer.js:35:25
71 verbose fstream_stack /usr/local/lib/node_modules/npm/node_modules/mkdirp/index.js:47:53
71 verbose fstream_stack FSReqWrap.oncomplete (fs.js:82:15)
72 verbose cwd /Users/bhunt/Documents/dev/portfolio
73 error Darwin 15.5.0
74 error argv "/usr/local/bin/node" "/usr/local/bin/npm" "install" "-g" "svgo"
75 error node v4.4.3
76 error npm  v2.15.1
77 error path /usr/local/lib/node_modules/svgo
78 error code EACCES
79 error errno -13
80 error syscall mkdir
81 error Error: EACCES: permission denied, mkdir '/usr/local/lib/node_modules/svgo'
81 error     at Error (native)
81 error  { [Error: EACCES: permission denied, mkdir '/usr/local/lib/node_modules/svgo']
81 error   errno: -13,
81 error   code: 'EACCES',
81 error   syscall: 'mkdir',
81 error   path: '/usr/local/lib/node_modules/svgo',
81 error   fstream_type: 'Directory',
81 error   fstream_path: '/usr/local/lib/node_modules/svgo',
81 error   fstream_class: 'DirWriter',
81 error   fstream_stack:
81 error    [ '/usr/local/lib/node_modules/npm/node_modules/fstream/lib/dir-writer.js:35:25',
81 error      '/usr/local/lib/node_modules/npm/node_modules/mkdirp/index.js:47:53',
81 error      'FSReqWrap.oncomplete (fs.js:82:15)' ] }
82 error Please try running this command again as root/Administrator.
83 verbose exit [ -13, true ]
84 verbose unbuild lib/node_modules/svgo
85 silly gentlyRm /usr/local/lib/node_modules/svgo is being purged from base /usr/local
86 verbose gentlyRm don't care about contents; nuking /usr/local/lib/node_modules/svgo
